<?xml version="1.0" encoding="UTF-8"?>
<testsuite xmlns:xsi="http://www.w3.org/2001/XMLSchema-instance" xsi:noNamespaceSchemaLocation="https://maven.apache.org/surefire/maven-surefire-plugin/xsd/surefire-test-report-3.0.xsd" version="3.0" name="com.sofka.sofkatransactionconsumer.SofkaTransactionConsumerApplicationTests" time="3.241" tests="1" errors="0" skipped="0" failures="0">
  <properties>
[...]
</properties>
  <testcase name="contextLoads" classname="com.sofka.sofkatransactionconsumer.SofkaTransactionConsumerApplicationTests" time="0.92">
    <system-out><![CDATA[07:44:11.911 [main] INFO org.springframework.test.context.support.AnnotationConfigContextLoaderUtils -- Could not detect default configuration classes for test class [com.sofka.sofkatransactionconsumer.SofkaTransactionConsumerApplicationTests]: SofkaTransactionConsumerApplicationTests does not declare any static, non-private, non-final, nested classes annotated with @Configuration.
07:44:11.999 [main] INFO org.springframework.boot.test.context.SpringBootTestContextBootstrapper -- Found @SpringBootConfiguration com.sofka.sofkatransactionconsumer.SofkaTransactionConsumerApplication for test class com.sofka.sofkatransactionconsumer.SofkaTransactionConsumerApplicationTests

  .   ____          _            __ _ _
 /\\ / ___'_ __ _ _(_)_ __  __ _ \ \ \ \
( ( )\___ | '_ | '_| | '_ \/ _` | \ \ \ \
 \\/  ___)| |_)| | | | | || (_| |  ) ) ) )
  '  |____| .__|_| |_|_| |_\__, | / / / /
 =========|_|==============|___/=/_/_/_/

 :: Spring Boot ::                (v3.3.2)

2024-07-28T07:44:12.377-05:00  INFO 3672 --- [sofka-transaction-consumer] [           main] SofkaTransactionConsumerApplicationTests : Starting SofkaTransactionConsumerApplicationTests using Java 17.0.6 with PID 3672 (started by josek in C:\Users\josek\Documents\code\SOFKA\prueba_tecnica\sofka-transaction-consumer)
2024-07-28T07:44:12.378-05:00  INFO 3672 --- [sofka-transaction-consumer] [           main] SofkaTransactionConsumerApplicationTests : No active profile set, falling back to 1 default profile: "default"
2024-07-28T07:44:12.684-05:00  INFO 3672 --- [sofka-transaction-consumer] [           main] .s.d.r.c.RepositoryConfigurationDelegate : Bootstrapping Spring Data MongoDB repositories in DEFAULT mode.
2024-07-28T07:44:12.730-05:00  INFO 3672 --- [sofka-transaction-consumer] [           main] .s.d.r.c.RepositoryConfigurationDelegate : Finished Spring Data repository scanning in 43 ms. Found 2 MongoDB repository interfaces.
2024-07-28T07:44:13.161-05:00  INFO 3672 --- [sofka-transaction-consumer] [           main] org.mongodb.driver.client                : MongoClient with metadata {"driver": {"name": "mongo-java-driver|sync|spring-boot", "version": "5.0.1"}, "os": {"type": "Windows", "name": "Windows 11", "architecture": "amd64", "version": "10.0"}, "platform": "Java/Oracle Corporation/17.0.6+9-LTS-190"} created with settings MongoClientSettings{readPreference=primary, writeConcern=WriteConcern{w=null, wTimeout=null ms, journal=null}, retryWrites=true, retryReads=true, readConcern=ReadConcern{level=null}, credential=null, transportSettings=null, commandListeners=[], codecRegistry=ProvidersCodecRegistry{codecProviders=[ValueCodecProvider{}, BsonValueCodecProvider{}, DBRefCodecProvider{}, DBObjectCodecProvider{}, DocumentCodecProvider{}, CollectionCodecProvider{}, IterableCodecProvider{}, MapCodecProvider{}, GeoJsonCodecProvider{}, GridFSFileCodecProvider{}, Jsr310CodecProvider{}, JsonObjectCodecProvider{}, BsonCodecProvider{}, EnumCodecProvider{}, com.mongodb.client.model.mql.ExpressionCodecProvider@1d408060, com.mongodb.Jep395RecordCodecProvider@68a78f3c, com.mongodb.KotlinCodecProvider@17ba57f0]}, loggerSettings=LoggerSettings{maxDocumentLength=1000}, clusterSettings={hosts=[localhost:27017], srvServiceName=mongodb, mode=SINGLE, requiredClusterType=UNKNOWN, requiredReplicaSetName='null', serverSelector='null', clusterListeners='[]', serverSelectionTimeout='30000 ms', localThreshold='15 ms'}, socketSettings=SocketSettings{connectTimeoutMS=10000, readTimeoutMS=0, receiveBufferSize=0, proxySettings=ProxySettings{host=null, port=null, username=null, password=null}}, heartbeatSocketSettings=SocketSettings{connectTimeoutMS=10000, readTimeoutMS=10000, receiveBufferSize=0, proxySettings=ProxySettings{host=null, port=null, username=null, password=null}}, connectionPoolSettings=ConnectionPoolSettings{maxSize=100, minSize=0, maxWaitTimeMS=120000, maxConnectionLifeTimeMS=0, maxConnectionIdleTimeMS=0, maintenanceInitialDelayMS=0, maintenanceFrequencyMS=60000, connectionPoolListeners=[], maxConnecting=2}, serverSettings=ServerSettings{heartbeatFrequencyMS=10000, minHeartbeatFrequencyMS=500, serverListeners='[]', serverMonitorListeners='[]'}, sslSettings=SslSettings{enabled=false, invalidHostNameAllowed=false, context=null}, applicationName='null', compressorList=[], uuidRepresentation=JAVA_LEGACY, serverApi=null, autoEncryptionSettings=null, dnsClient=null, inetAddressResolver=null, contextProvider=null}
2024-07-28T07:44:13.176-05:00  INFO 3672 --- [sofka-transaction-consumer] [localhost:27017] org.mongodb.driver.cluster               : Exception in monitor thread while connecting to server localhost:27017

com.mongodb.MongoSocketOpenException: Exception opening socket
	at com.mongodb.internal.connection.SocketStream.lambda$open$0(SocketStream.java:86) ~[mongodb-driver-core-5.0.1.jar:na]
	at java.base/java.util.Optional.orElseThrow(Optional.java:403) ~[na:na]
	at com.mongodb.internal.connection.SocketStream.open(SocketStream.java:86) ~[mongodb-driver-core-5.0.1.jar:na]
	at com.mongodb.internal.connection.InternalStreamConnection.open(InternalStreamConnection.java:201) ~[mongodb-driver-core-5.0.1.jar:na]
	at com.mongodb.internal.connection.DefaultServerMonitor$ServerMonitorRunnable.lookupServerDescription(DefaultServerMonitor.java:193) ~[mongodb-driver-core-5.0.1.jar:na]
	at com.mongodb.internal.connection.DefaultServerMonitor$ServerMonitorRunnable.run(DefaultServerMonitor.java:153) ~[mongodb-driver-core-5.0.1.jar:na]
	at java.base/java.lang.Thread.run(Thread.java:833) ~[na:na]
Caused by: java.net.ConnectException: Connection refused: no further information
	at java.base/sun.nio.ch.Net.pollConnect(Native Method) ~[na:na]
	at java.base/sun.nio.ch.Net.pollConnectNow(Net.java:672) ~[na:na]
	at java.base/sun.nio.ch.NioSocketImpl.timedFinishConnect(NioSocketImpl.java:542) ~[na:na]
	at java.base/sun.nio.ch.NioSocketImpl.connect(NioSocketImpl.java:597) ~[na:na]
	at java.base/java.net.SocksSocketImpl.connect(SocksSocketImpl.java:327) ~[na:na]
	at java.base/java.net.Socket.connect(Socket.java:633) ~[na:na]
	at com.mongodb.internal.connection.SocketStreamHelper.initialize(SocketStreamHelper.java:76) ~[mongodb-driver-core-5.0.1.jar:na]
	at com.mongodb.internal.connection.SocketStream.initializeSocket(SocketStream.java:105) ~[mongodb-driver-core-5.0.1.jar:na]
	at com.mongodb.internal.connection.SocketStream.open(SocketStream.java:80) ~[mongodb-driver-core-5.0.1.jar:na]
	... 4 common frames omitted

2024-07-28T07:44:13.882-05:00  INFO 3672 --- [sofka-transaction-consumer] [           main] o.a.k.clients.consumer.ConsumerConfig    : ConsumerConfig values: 
	allow.auto.create.topics = true
	auto.commit.interval.ms = 5000
	auto.include.jmx.reporter = true
	auto.offset.reset = earliest
	bootstrap.servers = [localhost:29092, localhost:29093]
	check.crcs = true
	client.dns.lookup = use_all_dns_ips
	client.id = consumer-sofka-transaction-consumer-1
	client.rack = 
	connections.max.idle.ms = 540000
	default.api.timeout.ms = 60000
	enable.auto.commit = false
	enable.metrics.push = true
	exclude.internal.topics = true
	fetch.max.bytes = 52428800
	fetch.max.wait.ms = 500
	fetch.min.bytes = 1
	group.id = sofka-transaction-consumer
	group.instance.id = null
	group.protocol = classic
	group.remote.assignor = null
	heartbeat.interval.ms = 3000
	interceptor.classes = []
	internal.leave.group.on.close = true
	internal.throw.on.fetch.stable.offset.unsupported = false
	isolation.level = read_uncommitted
	key.deserializer = class org.apache.kafka.common.serialization.StringDeserializer
	max.partition.fetch.bytes = 1048576
	max.poll.interval.ms = 300000
	max.poll.records = 500
	metadata.max.age.ms = 300000
	metric.reporters = []
	metrics.num.samples = 2
	metrics.recording.level = INFO
	metrics.sample.window.ms = 30000
	partition.assignment.strategy = [class org.apache.kafka.clients.consumer.RangeAssignor, class org.apache.kafka.clients.consumer.CooperativeStickyAssignor]
	receive.buffer.bytes = 65536
	reconnect.backoff.max.ms = 1000
	reconnect.backoff.ms = 50
	request.timeout.ms = 30000
	retry.backoff.max.ms = 1000
	retry.backoff.ms = 100
	sasl.client.callback.handler.class = null
	sasl.jaas.config = null
	sasl.kerberos.kinit.cmd = /usr/bin/kinit
	sasl.kerberos.min.time.before.relogin = 60000
	sasl.kerberos.service.name = null
	sasl.kerberos.ticket.renew.jitter = 0.05
	sasl.kerberos.ticket.renew.window.factor = 0.8
	sasl.login.callback.handler.class = null
	sasl.login.class = null
	sasl.login.connect.timeout.ms = null
	sasl.login.read.timeout.ms = null
	sasl.login.refresh.buffer.seconds = 300
	sasl.login.refresh.min.period.seconds = 60
	sasl.login.refresh.window.factor = 0.8
	sasl.login.refresh.window.jitter = 0.05
	sasl.login.retry.backoff.max.ms = 10000
	sasl.login.retry.backoff.ms = 100
	sasl.mechanism = GSSAPI
	sasl.oauthbearer.clock.skew.seconds = 30
	sasl.oauthbearer.expected.audience = null
	sasl.oauthbearer.expected.issuer = null
	sasl.oauthbearer.jwks.endpoint.refresh.ms = 3600000
	sasl.oauthbearer.jwks.endpoint.retry.backoff.max.ms = 10000
	sasl.oauthbearer.jwks.endpoint.retry.backoff.ms = 100
	sasl.oauthbearer.jwks.endpoint.url = null
	sasl.oauthbearer.scope.claim.name = scope
	sasl.oauthbearer.sub.claim.name = sub
	sasl.oauthbearer.token.endpoint.url = null
	security.protocol = PLAINTEXT
	security.providers = null
	send.buffer.bytes = 131072
	session.timeout.ms = 45000
	socket.connection.setup.timeout.max.ms = 30000
	socket.connection.setup.timeout.ms = 10000
	ssl.cipher.suites = null
	ssl.enabled.protocols = [TLSv1.2, TLSv1.3]
	ssl.endpoint.identification.algorithm = https
	ssl.engine.factory.class = null
	ssl.key.password = null
	ssl.keymanager.algorithm = SunX509
	ssl.keystore.certificate.chain = null
	ssl.keystore.key = null
	ssl.keystore.location = null
	ssl.keystore.password = null
	ssl.keystore.type = JKS
	ssl.protocol = TLSv1.3
	ssl.provider = null
	ssl.secure.random.implementation = null
	ssl.trustmanager.algorithm = PKIX
	ssl.truststore.certificates = null
	ssl.truststore.location = null
	ssl.truststore.password = null
	ssl.truststore.type = JKS
	value.deserializer = class org.apache.kafka.common.serialization.StringDeserializer

2024-07-28T07:44:13.925-05:00  INFO 3672 --- [sofka-transaction-consumer] [           main] o.a.k.c.t.i.KafkaMetricsCollector        : initializing Kafka metrics collector
2024-07-28T07:44:14.092-05:00  INFO 3672 --- [sofka-transaction-consumer] [           main] o.a.kafka.common.utils.AppInfoParser     : Kafka version: 3.7.1
2024-07-28T07:44:14.093-05:00  INFO 3672 --- [sofka-transaction-consumer] [           main] o.a.kafka.common.utils.AppInfoParser     : Kafka commitId: e2494e6ffb89f828
2024-07-28T07:44:14.093-05:00  INFO 3672 --- [sofka-transaction-consumer] [           main] o.a.kafka.common.utils.AppInfoParser     : Kafka startTimeMs: 1722170654090
2024-07-28T07:44:14.096-05:00  INFO 3672 --- [sofka-transaction-consumer] [           main] o.a.k.c.c.internals.LegacyKafkaConsumer  : [Consumer clientId=consumer-sofka-transaction-consumer-1, groupId=sofka-transaction-consumer] Subscribed to topic(s): new-transaction
2024-07-28T07:44:14.103-05:00  INFO 3672 --- [sofka-transaction-consumer] [           main] o.a.k.clients.consumer.ConsumerConfig    : ConsumerConfig values: 
	allow.auto.create.topics = true
	auto.commit.interval.ms = 5000
	auto.include.jmx.reporter = true
	auto.offset.reset = earliest
	bootstrap.servers = [localhost:29092, localhost:29093]
	check.crcs = true
	client.dns.lookup = use_all_dns_ips
	client.id = consumer-sofka-transaction-consumer-2
	client.rack = 
	connections.max.idle.ms = 540000
	default.api.timeout.ms = 60000
	enable.auto.commit = false
	enable.metrics.push = true
	exclude.internal.topics = true
	fetch.max.bytes = 52428800
	fetch.max.wait.ms = 500
	fetch.min.bytes = 1
	group.id = sofka-transaction-consumer
	group.instance.id = null
	group.protocol = classic
	group.remote.assignor = null
	heartbeat.interval.ms = 3000
	interceptor.classes = []
	internal.leave.group.on.close = true
	internal.throw.on.fetch.stable.offset.unsupported = false
	isolation.level = read_uncommitted
	key.deserializer = class org.apache.kafka.common.serialization.StringDeserializer
	max.partition.fetch.bytes = 1048576
	max.poll.interval.ms = 300000
	max.poll.records = 500
	metadata.max.age.ms = 300000
	metric.reporters = []
	metrics.num.samples = 2
	metrics.recording.level = INFO
	metrics.sample.window.ms = 30000
	partition.assignment.strategy = [class org.apache.kafka.clients.consumer.RangeAssignor, class org.apache.kafka.clients.consumer.CooperativeStickyAssignor]
	receive.buffer.bytes = 65536
	reconnect.backoff.max.ms = 1000
	reconnect.backoff.ms = 50
	request.timeout.ms = 30000
	retry.backoff.max.ms = 1000
	retry.backoff.ms = 100
	sasl.client.callback.handler.class = null
	sasl.jaas.config = null
	sasl.kerberos.kinit.cmd = /usr/bin/kinit
	sasl.kerberos.min.time.before.relogin = 60000
	sasl.kerberos.service.name = null
	sasl.kerberos.ticket.renew.jitter = 0.05
	sasl.kerberos.ticket.renew.window.factor = 0.8
	sasl.login.callback.handler.class = null
	sasl.login.class = null
	sasl.login.connect.timeout.ms = null
	sasl.login.read.timeout.ms = null
	sasl.login.refresh.buffer.seconds = 300
	sasl.login.refresh.min.period.seconds = 60
	sasl.login.refresh.window.factor = 0.8
	sasl.login.refresh.window.jitter = 0.05
	sasl.login.retry.backoff.max.ms = 10000
	sasl.login.retry.backoff.ms = 100
	sasl.mechanism = GSSAPI
	sasl.oauthbearer.clock.skew.seconds = 30
	sasl.oauthbearer.expected.audience = null
	sasl.oauthbearer.expected.issuer = null
	sasl.oauthbearer.jwks.endpoint.refresh.ms = 3600000
	sasl.oauthbearer.jwks.endpoint.retry.backoff.max.ms = 10000
	sasl.oauthbearer.jwks.endpoint.retry.backoff.ms = 100
	sasl.oauthbearer.jwks.endpoint.url = null
	sasl.oauthbearer.scope.claim.name = scope
	sasl.oauthbearer.sub.claim.name = sub
	sasl.oauthbearer.token.endpoint.url = null
	security.protocol = PLAINTEXT
	security.providers = null
	send.buffer.bytes = 131072
	session.timeout.ms = 45000
	socket.connection.setup.timeout.max.ms = 30000
	socket.connection.setup.timeout.ms = 10000
	ssl.cipher.suites = null
	ssl.enabled.protocols = [TLSv1.2, TLSv1.3]
	ssl.endpoint.identification.algorithm = https
	ssl.engine.factory.class = null
	ssl.key.password = null
	ssl.keymanager.algorithm = SunX509
	ssl.keystore.certificate.chain = null
	ssl.keystore.key = null
	ssl.keystore.location = null
	ssl.keystore.password = null
	ssl.keystore.type = JKS
	ssl.protocol = TLSv1.3
	ssl.provider = null
	ssl.secure.random.implementation = null
	ssl.trustmanager.algorithm = PKIX
	ssl.truststore.certificates = null
	ssl.truststore.location = null
	ssl.truststore.password = null
	ssl.truststore.type = JKS
	value.deserializer = class org.apache.kafka.common.serialization.StringDeserializer

2024-07-28T07:44:14.104-05:00  INFO 3672 --- [sofka-transaction-consumer] [           main] o.a.k.c.t.i.KafkaMetricsCollector        : initializing Kafka metrics collector
2024-07-28T07:44:14.113-05:00  INFO 3672 --- [sofka-transaction-consumer] [           main] o.a.kafka.common.utils.AppInfoParser     : Kafka version: 3.7.1
2024-07-28T07:44:14.114-05:00  INFO 3672 --- [sofka-transaction-consumer] [           main] o.a.kafka.common.utils.AppInfoParser     : Kafka commitId: e2494e6ffb89f828
2024-07-28T07:44:14.114-05:00  INFO 3672 --- [sofka-transaction-consumer] [           main] o.a.kafka.common.utils.AppInfoParser     : Kafka startTimeMs: 1722170654113
2024-07-28T07:44:14.114-05:00  INFO 3672 --- [sofka-transaction-consumer] [           main] o.a.k.c.c.internals.LegacyKafkaConsumer  : [Consumer clientId=consumer-sofka-transaction-consumer-2, groupId=sofka-transaction-consumer] Subscribed to topic(s): transaction-counter
2024-07-28T07:44:14.116-05:00  INFO 3672 --- [sofka-transaction-consumer] [           main] o.a.k.clients.consumer.ConsumerConfig    : ConsumerConfig values: 
	allow.auto.create.topics = true
	auto.commit.interval.ms = 5000
	auto.include.jmx.reporter = true
	auto.offset.reset = earliest
	bootstrap.servers = [localhost:29092, localhost:29093]
	check.crcs = true
	client.dns.lookup = use_all_dns_ips
	client.id = consumer-sofka-transaction-consumer-3
	client.rack = 
	connections.max.idle.ms = 540000
	default.api.timeout.ms = 60000
	enable.auto.commit = false
	enable.metrics.push = true
	exclude.internal.topics = true
	fetch.max.bytes = 52428800
	fetch.max.wait.ms = 500
	fetch.min.bytes = 1
	group.id = sofka-transaction-consumer
	group.instance.id = null
	group.protocol = classic
	group.remote.assignor = null
	heartbeat.interval.ms = 3000
	interceptor.classes = []
	internal.leave.group.on.close = true
	internal.throw.on.fetch.stable.offset.unsupported = false
	isolation.level = read_uncommitted
	key.deserializer = class org.apache.kafka.common.serialization.StringDeserializer
	max.partition.fetch.bytes = 1048576
	max.poll.interval.ms = 300000
	max.poll.records = 500
	metadata.max.age.ms = 300000
	metric.reporters = []
	metrics.num.samples = 2
	metrics.recording.level = INFO
	metrics.sample.window.ms = 30000
	partition.assignment.strategy = [class org.apache.kafka.clients.consumer.RangeAssignor, class org.apache.kafka.clients.consumer.CooperativeStickyAssignor]
	receive.buffer.bytes = 65536
	reconnect.backoff.max.ms = 1000
	reconnect.backoff.ms = 50
	request.timeout.ms = 30000
	retry.backoff.max.ms = 1000
	retry.backoff.ms = 100
	sasl.client.callback.handler.class = null
	sasl.jaas.config = null
	sasl.kerberos.kinit.cmd = /usr/bin/kinit
	sasl.kerberos.min.time.before.relogin = 60000
	sasl.kerberos.service.name = null
	sasl.kerberos.ticket.renew.jitter = 0.05
	sasl.kerberos.ticket.renew.window.factor = 0.8
	sasl.login.callback.handler.class = null
	sasl.login.class = null
	sasl.login.connect.timeout.ms = null
	sasl.login.read.timeout.ms = null
	sasl.login.refresh.buffer.seconds = 300
	sasl.login.refresh.min.period.seconds = 60
	sasl.login.refresh.window.factor = 0.8
	sasl.login.refresh.window.jitter = 0.05
	sasl.login.retry.backoff.max.ms = 10000
	sasl.login.retry.backoff.ms = 100
	sasl.mechanism = GSSAPI
	sasl.oauthbearer.clock.skew.seconds = 30
	sasl.oauthbearer.expected.audience = null
	sasl.oauthbearer.expected.issuer = null
	sasl.oauthbearer.jwks.endpoint.refresh.ms = 3600000
	sasl.oauthbearer.jwks.endpoint.retry.backoff.max.ms = 10000
	sasl.oauthbearer.jwks.endpoint.retry.backoff.ms = 100
	sasl.oauthbearer.jwks.endpoint.url = null
	sasl.oauthbearer.scope.claim.name = scope
	sasl.oauthbearer.sub.claim.name = sub
	sasl.oauthbearer.token.endpoint.url = null
	security.protocol = PLAINTEXT
	security.providers = null
	send.buffer.bytes = 131072
	session.timeout.ms = 45000
	socket.connection.setup.timeout.max.ms = 30000
	socket.connection.setup.timeout.ms = 10000
	ssl.cipher.suites = null
	ssl.enabled.protocols = [TLSv1.2, TLSv1.3]
	ssl.endpoint.identification.algorithm = https
	ssl.engine.factory.class = null
	ssl.key.password = null
	ssl.keymanager.algorithm = SunX509
	ssl.keystore.certificate.chain = null
	ssl.keystore.key = null
	ssl.keystore.location = null
	ssl.keystore.password = null
	ssl.keystore.type = JKS
	ssl.protocol = TLSv1.3
	ssl.provider = null
	ssl.secure.random.implementation = null
	ssl.trustmanager.algorithm = PKIX
	ssl.truststore.certificates = null
	ssl.truststore.location = null
	ssl.truststore.password = null
	ssl.truststore.type = JKS
	value.deserializer = class org.apache.kafka.common.serialization.StringDeserializer

2024-07-28T07:44:14.116-05:00  INFO 3672 --- [sofka-transaction-consumer] [           main] o.a.k.c.t.i.KafkaMetricsCollector        : initializing Kafka metrics collector
2024-07-28T07:44:14.124-05:00  INFO 3672 --- [sofka-transaction-consumer] [           main] o.a.kafka.common.utils.AppInfoParser     : Kafka version: 3.7.1
2024-07-28T07:44:14.125-05:00  INFO 3672 --- [sofka-transaction-consumer] [           main] o.a.kafka.common.utils.AppInfoParser     : Kafka commitId: e2494e6ffb89f828
2024-07-28T07:44:14.125-05:00  INFO 3672 --- [sofka-transaction-consumer] [           main] o.a.kafka.common.utils.AppInfoParser     : Kafka startTimeMs: 1722170654124
2024-07-28T07:44:14.125-05:00  INFO 3672 --- [sofka-transaction-consumer] [           main] o.a.k.c.c.internals.LegacyKafkaConsumer  : [Consumer clientId=consumer-sofka-transaction-consumer-3, groupId=sofka-transaction-consumer] Subscribed to topic(s): new-transaction
2024-07-28T07:44:14.126-05:00  INFO 3672 --- [sofka-transaction-consumer] [           main] o.a.k.clients.consumer.ConsumerConfig    : ConsumerConfig values: 
	allow.auto.create.topics = true
	auto.commit.interval.ms = 5000
	auto.include.jmx.reporter = true
	auto.offset.reset = earliest
	bootstrap.servers = [localhost:29092, localhost:29093]
	check.crcs = true
	client.dns.lookup = use_all_dns_ips
	client.id = consumer-sofka-transaction-consumer-4
	client.rack = 
	connections.max.idle.ms = 540000
	default.api.timeout.ms = 60000
	enable.auto.commit = false
	enable.metrics.push = true
	exclude.internal.topics = true
	fetch.max.bytes = 52428800
	fetch.max.wait.ms = 500
	fetch.min.bytes = 1
	group.id = sofka-transaction-consumer
	group.instance.id = null
	group.protocol = classic
	group.remote.assignor = null
	heartbeat.interval.ms = 3000
	interceptor.classes = []
	internal.leave.group.on.close = true
	internal.throw.on.fetch.stable.offset.unsupported = false
	isolation.level = read_uncommitted
	key.deserializer = class org.apache.kafka.common.serialization.StringDeserializer
	max.partition.fetch.bytes = 1048576
	max.poll.interval.ms = 300000
	max.poll.records = 500
	metadata.max.age.ms = 300000
	metric.reporters = []
	metrics.num.samples = 2
	metrics.recording.level = INFO
	metrics.sample.window.ms = 30000
	partition.assignment.strategy = [class org.apache.kafka.clients.consumer.RangeAssignor, class org.apache.kafka.clients.consumer.CooperativeStickyAssignor]
	receive.buffer.bytes = 65536
	reconnect.backoff.max.ms = 1000
	reconnect.backoff.ms = 50
	request.timeout.ms = 30000
	retry.backoff.max.ms = 1000
	retry.backoff.ms = 100
	sasl.client.callback.handler.class = null
	sasl.jaas.config = null
	sasl.kerberos.kinit.cmd = /usr/bin/kinit
	sasl.kerberos.min.time.before.relogin = 60000
	sasl.kerberos.service.name = null
	sasl.kerberos.ticket.renew.jitter = 0.05
	sasl.kerberos.ticket.renew.window.factor = 0.8
	sasl.login.callback.handler.class = null
	sasl.login.class = null
	sasl.login.connect.timeout.ms = null
	sasl.login.read.timeout.ms = null
	sasl.login.refresh.buffer.seconds = 300
	sasl.login.refresh.min.period.seconds = 60
	sasl.login.refresh.window.factor = 0.8
	sasl.login.refresh.window.jitter = 0.05
	sasl.login.retry.backoff.max.ms = 10000
	sasl.login.retry.backoff.ms = 100
	sasl.mechanism = GSSAPI
	sasl.oauthbearer.clock.skew.seconds = 30
	sasl.oauthbearer.expected.audience = null
	sasl.oauthbearer.expected.issuer = null
	sasl.oauthbearer.jwks.endpoint.refresh.ms = 3600000
	sasl.oauthbearer.jwks.endpoint.retry.backoff.max.ms = 10000
	sasl.oauthbearer.jwks.endpoint.retry.backoff.ms = 100
	sasl.oauthbearer.jwks.endpoint.url = null
	sasl.oauthbearer.scope.claim.name = scope
	sasl.oauthbearer.sub.claim.name = sub
	sasl.oauthbearer.token.endpoint.url = null
	security.protocol = PLAINTEXT
	security.providers = null
	send.buffer.bytes = 131072
	session.timeout.ms = 45000
	socket.connection.setup.timeout.max.ms = 30000
	socket.connection.setup.timeout.ms = 10000
	ssl.cipher.suites = null
	ssl.enabled.protocols = [TLSv1.2, TLSv1.3]
	ssl.endpoint.identification.algorithm = https
	ssl.engine.factory.class = null
	ssl.key.password = null
	ssl.keymanager.algorithm = SunX509
	ssl.keystore.certificate.chain = null
	ssl.keystore.key = null
	ssl.keystore.location = null
	ssl.keystore.password = null
	ssl.keystore.type = JKS
	ssl.protocol = TLSv1.3
	ssl.provider = null
	ssl.secure.random.implementation = null
	ssl.trustmanager.algorithm = PKIX
	ssl.truststore.certificates = null
	ssl.truststore.location = null
	ssl.truststore.password = null
	ssl.truststore.type = JKS
	value.deserializer = class org.apache.kafka.common.serialization.StringDeserializer

2024-07-28T07:44:14.128-05:00  INFO 3672 --- [sofka-transaction-consumer] [           main] o.a.k.c.t.i.KafkaMetricsCollector        : initializing Kafka metrics collector
2024-07-28T07:44:14.135-05:00  INFO 3672 --- [sofka-transaction-consumer] [           main] o.a.kafka.common.utils.AppInfoParser     : Kafka version: 3.7.1
2024-07-28T07:44:14.135-05:00  INFO 3672 --- [sofka-transaction-consumer] [           main] o.a.kafka.common.utils.AppInfoParser     : Kafka commitId: e2494e6ffb89f828
2024-07-28T07:44:14.135-05:00  INFO 3672 --- [sofka-transaction-consumer] [           main] o.a.kafka.common.utils.AppInfoParser     : Kafka startTimeMs: 1722170654135
2024-07-28T07:44:14.136-05:00  INFO 3672 --- [sofka-transaction-consumer] [           main] o.a.k.c.c.internals.LegacyKafkaConsumer  : [Consumer clientId=consumer-sofka-transaction-consumer-4, groupId=sofka-transaction-consumer] Subscribed to topic(s): transaction-counter
2024-07-28T07:44:14.144-05:00  INFO 3672 --- [sofka-transaction-consumer] [           main] SofkaTransactionConsumerApplicationTests : Started SofkaTransactionConsumerApplicationTests in 1.994 seconds (process running for 2.9)
2024-07-28T07:44:14.511-05:00  INFO 3672 --- [sofka-transaction-consumer] [ntainer#2-0-C-1] org.apache.kafka.clients.NetworkClient   : [Consumer clientId=consumer-sofka-transaction-consumer-1, groupId=sofka-transaction-consumer] Node -2 disconnected.
2024-07-28T07:44:14.511-05:00  INFO 3672 --- [sofka-transaction-consumer] [ntainer#0-0-C-1] org.apache.kafka.clients.NetworkClient   : [Consumer clientId=consumer-sofka-transaction-consumer-3, groupId=sofka-transaction-consumer] Node -2 disconnected.
2024-07-28T07:44:14.511-05:00  INFO 3672 --- [sofka-transaction-consumer] [ntainer#3-0-C-1] org.apache.kafka.clients.NetworkClient   : [Consumer clientId=consumer-sofka-transaction-consumer-2, groupId=sofka-transaction-consumer] Node -1 disconnected.
2024-07-28T07:44:14.511-05:00  INFO 3672 --- [sofka-transaction-consumer] [ntainer#1-0-C-1] org.apache.kafka.clients.NetworkClient   : [Consumer clientId=consumer-sofka-transaction-consumer-4, groupId=sofka-transaction-consumer] Node -1 disconnected.
2024-07-28T07:44:14.517-05:00  WARN 3672 --- [sofka-transaction-consumer] [ntainer#2-0-C-1] org.apache.kafka.clients.NetworkClient   : [Consumer clientId=consumer-sofka-transaction-consumer-1, groupId=sofka-transaction-consumer] Connection to node -2 (localhost/127.0.0.1:29093) could not be established. Node may not be available.
2024-07-28T07:44:14.517-05:00  WARN 3672 --- [sofka-transaction-consumer] [ntainer#1-0-C-1] org.apache.kafka.clients.NetworkClient   : [Consumer clientId=consumer-sofka-transaction-consumer-4, groupId=sofka-transaction-consumer] Connection to node -1 (localhost/127.0.0.1:29092) could not be established. Node may not be available.
2024-07-28T07:44:14.517-05:00  WARN 3672 --- [sofka-transaction-consumer] [ntainer#3-0-C-1] org.apache.kafka.clients.NetworkClient   : [Consumer clientId=consumer-sofka-transaction-consumer-2, groupId=sofka-transaction-consumer] Connection to node -1 (localhost/127.0.0.1:29092) could not be established. Node may not be available.
2024-07-28T07:44:14.518-05:00  WARN 3672 --- [sofka-transaction-consumer] [ntainer#2-0-C-1] org.apache.kafka.clients.NetworkClient   : [Consumer clientId=consumer-sofka-transaction-consumer-1, groupId=sofka-transaction-consumer] Bootstrap broker localhost:29093 (id: -2 rack: null) disconnected
2024-07-28T07:44:14.518-05:00  WARN 3672 --- [sofka-transaction-consumer] [ntainer#1-0-C-1] org.apache.kafka.clients.NetworkClient   : [Consumer clientId=consumer-sofka-transaction-consumer-4, groupId=sofka-transaction-consumer] Bootstrap broker localhost:29092 (id: -1 rack: null) disconnected
2024-07-28T07:44:14.518-05:00  WARN 3672 --- [sofka-transaction-consumer] [ntainer#3-0-C-1] org.apache.kafka.clients.NetworkClient   : [Consumer clientId=consumer-sofka-transaction-consumer-2, groupId=sofka-transaction-consumer] Bootstrap broker localhost:29092 (id: -1 rack: null) disconnected
2024-07-28T07:44:14.519-05:00  WARN 3672 --- [sofka-transaction-consumer] [ntainer#0-0-C-1] org.apache.kafka.clients.NetworkClient   : [Consumer clientId=consumer-sofka-transaction-consumer-3, groupId=sofka-transaction-consumer] Connection to node -2 (localhost/127.0.0.1:29093) could not be established. Node may not be available.
2024-07-28T07:44:14.519-05:00  WARN 3672 --- [sofka-transaction-consumer] [ntainer#0-0-C-1] org.apache.kafka.clients.NetworkClient   : [Consumer clientId=consumer-sofka-transaction-consumer-3, groupId=sofka-transaction-consumer] Bootstrap broker localhost:29093 (id: -2 rack: null) disconnected
2024-07-28T07:44:14.622-05:00  INFO 3672 --- [sofka-transaction-consumer] [ntainer#1-0-C-1] org.apache.kafka.clients.NetworkClient   : [Consumer clientId=consumer-sofka-transaction-consumer-4, groupId=sofka-transaction-consumer] Node -2 disconnected.
2024-07-28T07:44:14.622-05:00  WARN 3672 --- [sofka-transaction-consumer] [ntainer#1-0-C-1] org.apache.kafka.clients.NetworkClient   : [Consumer clientId=consumer-sofka-transaction-consumer-4, groupId=sofka-transaction-consumer] Connection to node -2 (localhost/127.0.0.1:29093) could not be established. Node may not be available.
2024-07-28T07:44:14.622-05:00  WARN 3672 --- [sofka-transaction-consumer] [ntainer#1-0-C-1] org.apache.kafka.clients.NetworkClient   : [Consumer clientId=consumer-sofka-transaction-consumer-4, groupId=sofka-transaction-consumer] Bootstrap broker localhost:29093 (id: -2 rack: null) disconnected
2024-07-28T07:44:14.623-05:00  INFO 3672 --- [sofka-transaction-consumer] [ntainer#1-0-C-1] org.apache.kafka.clients.NetworkClient   : [Consumer clientId=consumer-sofka-transaction-consumer-4, groupId=sofka-transaction-consumer] Node -1 disconnected.
2024-07-28T07:44:14.624-05:00  WARN 3672 --- [sofka-transaction-consumer] [ntainer#1-0-C-1] org.apache.kafka.clients.NetworkClient   : [Consumer clientId=consumer-sofka-transaction-consumer-4, groupId=sofka-transaction-consumer] Connection to node -1 (localhost/127.0.0.1:29092) could not be established. Node may not be available.
2024-07-28T07:44:14.624-05:00  WARN 3672 --- [sofka-transaction-consumer] [ntainer#1-0-C-1] org.apache.kafka.clients.NetworkClient   : [Consumer clientId=consumer-sofka-transaction-consumer-4, groupId=sofka-transaction-consumer] Bootstrap broker localhost:29092 (id: -1 rack: null) disconnected
2024-07-28T07:44:14.645-05:00  INFO 3672 --- [sofka-transaction-consumer] [ntainer#3-0-C-1] org.apache.kafka.clients.NetworkClient   : [Consumer clientId=consumer-sofka-transaction-consumer-2, groupId=sofka-transaction-consumer] Node -2 disconnected.
2024-07-28T07:44:14.645-05:00  INFO 3672 --- [sofka-transaction-consumer] [ntainer#2-0-C-1] org.apache.kafka.clients.NetworkClient   : [Consumer clientId=consumer-sofka-transaction-consumer-1, groupId=sofka-transaction-consumer] Node -1 disconnected.
2024-07-28T07:44:14.645-05:00  WARN 3672 --- [sofka-transaction-consumer] [ntainer#3-0-C-1] org.apache.kafka.clients.NetworkClient   : [Consumer clientId=consumer-sofka-transaction-consumer-2, groupId=sofka-transaction-consumer] Connection to node -2 (localhost/127.0.0.1:29093) could not be established. Node may not be available.
2024-07-28T07:44:14.645-05:00  WARN 3672 --- [sofka-transaction-consumer] [ntainer#2-0-C-1] org.apache.kafka.clients.NetworkClient   : [Consumer clientId=consumer-sofka-transaction-consumer-1, groupId=sofka-transaction-consumer] Connection to node -1 (localhost/127.0.0.1:29092) could not be established. Node may not be available.
2024-07-28T07:44:14.645-05:00  WARN 3672 --- [sofka-transaction-consumer] [ntainer#3-0-C-1] org.apache.kafka.clients.NetworkClient   : [Consumer clientId=consumer-sofka-transaction-consumer-2, groupId=sofka-transaction-consumer] Bootstrap broker localhost:29093 (id: -2 rack: null) disconnected
2024-07-28T07:44:14.645-05:00  WARN 3672 --- [sofka-transaction-consumer] [ntainer#2-0-C-1] org.apache.kafka.clients.NetworkClient   : [Consumer clientId=consumer-sofka-transaction-consumer-1, groupId=sofka-transaction-consumer] Bootstrap broker localhost:29092 (id: -1 rack: null) disconnected
2024-07-28T07:44:14.646-05:00  INFO 3672 --- [sofka-transaction-consumer] [ntainer#2-0-C-1] org.apache.kafka.clients.NetworkClient   : [Consumer clientId=consumer-sofka-transaction-consumer-1, groupId=sofka-transaction-consumer] Node -2 disconnected.
2024-07-28T07:44:14.646-05:00  INFO 3672 --- [sofka-transaction-consumer] [ntainer#3-0-C-1] org.apache.kafka.clients.NetworkClient   : [Consumer clientId=consumer-sofka-transaction-consumer-2, groupId=sofka-transaction-consumer] Node -1 disconnected.
2024-07-28T07:44:14.646-05:00  WARN 3672 --- [sofka-transaction-consumer] [ntainer#2-0-C-1] org.apache.kafka.clients.NetworkClient   : [Consumer clientId=consumer-sofka-transaction-consumer-1, groupId=sofka-transaction-consumer] Connection to node -2 (localhost/127.0.0.1:29093) could not be established. Node may not be available.
2024-07-28T07:44:14.646-05:00  WARN 3672 --- [sofka-transaction-consumer] [ntainer#3-0-C-1] org.apache.kafka.clients.NetworkClient   : [Consumer clientId=consumer-sofka-transaction-consumer-2, groupId=sofka-transaction-consumer] Connection to node -1 (localhost/127.0.0.1:29092) could not be established. Node may not be available.
2024-07-28T07:44:14.646-05:00  WARN 3672 --- [sofka-transaction-consumer] [ntainer#2-0-C-1] org.apache.kafka.clients.NetworkClient   : [Consumer clientId=consumer-sofka-transaction-consumer-1, groupId=sofka-transaction-consumer] Bootstrap broker localhost:29093 (id: -2 rack: null) disconnected
2024-07-28T07:44:14.646-05:00  WARN 3672 --- [sofka-transaction-consumer] [ntainer#3-0-C-1] org.apache.kafka.clients.NetworkClient   : [Consumer clientId=consumer-sofka-transaction-consumer-2, groupId=sofka-transaction-consumer] Bootstrap broker localhost:29092 (id: -1 rack: null) disconnected
2024-07-28T07:44:14.646-05:00  INFO 3672 --- [sofka-transaction-consumer] [ntainer#0-0-C-1] org.apache.kafka.clients.NetworkClient   : [Consumer clientId=consumer-sofka-transaction-consumer-3, groupId=sofka-transaction-consumer] Node -1 disconnected.
2024-07-28T07:44:14.646-05:00  WARN 3672 --- [sofka-transaction-consumer] [ntainer#0-0-C-1] org.apache.kafka.clients.NetworkClient   : [Consumer clientId=consumer-sofka-transaction-consumer-3, groupId=sofka-transaction-consumer] Connection to node -1 (localhost/127.0.0.1:29092) could not be established. Node may not be available.
2024-07-28T07:44:14.646-05:00  WARN 3672 --- [sofka-transaction-consumer] [ntainer#0-0-C-1] org.apache.kafka.clients.NetworkClient   : [Consumer clientId=consumer-sofka-transaction-consumer-3, groupId=sofka-transaction-consumer] Bootstrap broker localhost:29092 (id: -1 rack: null) disconnected
2024-07-28T07:44:14.648-05:00  INFO 3672 --- [sofka-transaction-consumer] [ntainer#0-0-C-1] org.apache.kafka.clients.NetworkClient   : [Consumer clientId=consumer-sofka-transaction-consumer-3, groupId=sofka-transaction-consumer] Node -2 disconnected.
2024-07-28T07:44:14.648-05:00  WARN 3672 --- [sofka-transaction-consumer] [ntainer#0-0-C-1] org.apache.kafka.clients.NetworkClient   : [Consumer clientId=consumer-sofka-transaction-consumer-3, groupId=sofka-transaction-consumer] Connection to node -2 (localhost/127.0.0.1:29093) could not be established. Node may not be available.
2024-07-28T07:44:14.648-05:00  WARN 3672 --- [sofka-transaction-consumer] [ntainer#0-0-C-1] org.apache.kafka.clients.NetworkClient   : [Consumer clientId=consumer-sofka-transaction-consumer-3, groupId=sofka-transaction-consumer] Bootstrap broker localhost:29093 (id: -2 rack: null) disconnected
2024-07-28T07:44:14.675-05:00  INFO 3672 --- [sofka-transaction-consumer] [ntainer#1-0-C-1] org.apache.kafka.clients.NetworkClient   : [Consumer clientId=consumer-sofka-transaction-consumer-4, groupId=sofka-transaction-consumer] Node -2 disconnected.
2024-07-28T07:44:14.676-05:00  WARN 3672 --- [sofka-transaction-consumer] [ntainer#1-0-C-1] org.apache.kafka.clients.NetworkClient   : [Consumer clientId=consumer-sofka-transaction-consumer-4, groupId=sofka-transaction-consumer] Connection to node -2 (localhost/127.0.0.1:29093) could not be established. Node may not be available.
2024-07-28T07:44:14.676-05:00  WARN 3672 --- [sofka-transaction-consumer] [ntainer#1-0-C-1] org.apache.kafka.clients.NetworkClient   : [Consumer clientId=consumer-sofka-transaction-consumer-4, groupId=sofka-transaction-consumer] Bootstrap broker localhost:29093 (id: -2 rack: null) disconnected
2024-07-28T07:44:14.698-05:00  INFO 3672 --- [sofka-transaction-consumer] [ntainer#3-0-C-1] org.apache.kafka.clients.NetworkClient   : [Consumer clientId=consumer-sofka-transaction-consumer-2, groupId=sofka-transaction-consumer] Node -2 disconnected.
2024-07-28T07:44:14.699-05:00  WARN 3672 --- [sofka-transaction-consumer] [ntainer#3-0-C-1] org.apache.kafka.clients.NetworkClient   : [Consumer clientId=consumer-sofka-transaction-consumer-2, groupId=sofka-transaction-consumer] Connection to node -2 (localhost/127.0.0.1:29093) could not be established. Node may not be available.
2024-07-28T07:44:14.699-05:00  WARN 3672 --- [sofka-transaction-consumer] [ntainer#3-0-C-1] org.apache.kafka.clients.NetworkClient   : [Consumer clientId=consumer-sofka-transaction-consumer-2, groupId=sofka-transaction-consumer] Bootstrap broker localhost:29093 (id: -2 rack: null) disconnected
2024-07-28T07:44:14.714-05:00  INFO 3672 --- [sofka-transaction-consumer] [ntainer#0-0-C-1] org.apache.kafka.clients.NetworkClient   : [Consumer clientId=consumer-sofka-transaction-consumer-3, groupId=sofka-transaction-consumer] Node -1 disconnected.
2024-07-28T07:44:14.715-05:00  WARN 3672 --- [sofka-transaction-consumer] [ntainer#0-0-C-1] org.apache.kafka.clients.NetworkClient   : [Consumer clientId=consumer-sofka-transaction-consumer-3, groupId=sofka-transaction-consumer] Connection to node -1 (localhost/127.0.0.1:29092) could not be established. Node may not be available.
2024-07-28T07:44:14.715-05:00  WARN 3672 --- [sofka-transaction-consumer] [ntainer#0-0-C-1] org.apache.kafka.clients.NetworkClient   : [Consumer clientId=consumer-sofka-transaction-consumer-3, groupId=sofka-transaction-consumer] Bootstrap broker localhost:29092 (id: -1 rack: null) disconnected
2024-07-28T07:44:14.761-05:00  INFO 3672 --- [sofka-transaction-consumer] [ntainer#3-0-C-1] org.apache.kafka.clients.NetworkClient   : [Consumer clientId=consumer-sofka-transaction-consumer-2, groupId=sofka-transaction-consumer] Node -1 disconnected.
2024-07-28T07:44:14.761-05:00  INFO 3672 --- [sofka-transaction-consumer] [ntainer#2-0-C-1] org.apache.kafka.clients.NetworkClient   : [Consumer clientId=consumer-sofka-transaction-consumer-1, groupId=sofka-transaction-consumer] Node -1 disconnected.
2024-07-28T07:44:14.761-05:00  WARN 3672 --- [sofka-transaction-consumer] [ntainer#3-0-C-1] org.apache.kafka.clients.NetworkClient   : [Consumer clientId=consumer-sofka-transaction-consumer-2, groupId=sofka-transaction-consumer] Connection to node -1 (localhost/127.0.0.1:29092) could not be established. Node may not be available.
2024-07-28T07:44:14.761-05:00  WARN 3672 --- [sofka-transaction-consumer] [ntainer#2-0-C-1] org.apache.kafka.clients.NetworkClient   : [Consumer clientId=consumer-sofka-transaction-consumer-1, groupId=sofka-transaction-consumer] Connection to node -1 (localhost/127.0.0.1:29092) could not be established. Node may not be available.
2024-07-28T07:44:14.761-05:00  WARN 3672 --- [sofka-transaction-consumer] [ntainer#3-0-C-1] org.apache.kafka.clients.NetworkClient   : [Consumer clientId=consumer-sofka-transaction-consumer-2, groupId=sofka-transaction-consumer] Bootstrap broker localhost:29092 (id: -1 rack: null) disconnected
2024-07-28T07:44:14.761-05:00  WARN 3672 --- [sofka-transaction-consumer] [ntainer#2-0-C-1] org.apache.kafka.clients.NetworkClient   : [Consumer clientId=consumer-sofka-transaction-consumer-1, groupId=sofka-transaction-consumer] Bootstrap broker localhost:29092 (id: -1 rack: null) disconnected
2024-07-28T07:44:14.762-05:00  INFO 3672 --- [sofka-transaction-consumer] [ntainer#2-0-C-1] org.apache.kafka.clients.NetworkClient   : [Consumer clientId=consumer-sofka-transaction-consumer-1, groupId=sofka-transaction-consumer] Node -2 disconnected.
2024-07-28T07:44:14.762-05:00  WARN 3672 --- [sofka-transaction-consumer] [ntainer#2-0-C-1] org.apache.kafka.clients.NetworkClient   : [Consumer clientId=consumer-sofka-transaction-consumer-1, groupId=sofka-transaction-consumer] Connection to node -2 (localhost/127.0.0.1:29093) could not be established. Node may not be available.
2024-07-28T07:44:14.762-05:00  WARN 3672 --- [sofka-transaction-consumer] [ntainer#2-0-C-1] org.apache.kafka.clients.NetworkClient   : [Consumer clientId=consumer-sofka-transaction-consumer-1, groupId=sofka-transaction-consumer] Bootstrap broker localhost:29093 (id: -2 rack: null) disconnected
2024-07-28T07:44:14.776-05:00  INFO 3672 --- [sofka-transaction-consumer] [ntainer#0-0-C-1] org.apache.kafka.clients.NetworkClient   : [Consumer clientId=consumer-sofka-transaction-consumer-3, groupId=sofka-transaction-consumer] Node -2 disconnected.
2024-07-28T07:44:14.776-05:00  WARN 3672 --- [sofka-transaction-consumer] [ntainer#0-0-C-1] org.apache.kafka.clients.NetworkClient   : [Consumer clientId=consumer-sofka-transaction-consumer-3, groupId=sofka-transaction-consumer] Connection to node -2 (localhost/127.0.0.1:29093) could not be established. Node may not be available.
2024-07-28T07:44:14.776-05:00  WARN 3672 --- [sofka-transaction-consumer] [ntainer#0-0-C-1] org.apache.kafka.clients.NetworkClient   : [Consumer clientId=consumer-sofka-transaction-consumer-3, groupId=sofka-transaction-consumer] Bootstrap broker localhost:29093 (id: -2 rack: null) disconnected
2024-07-28T07:44:14.792-05:00  INFO 3672 --- [sofka-transaction-consumer] [ntainer#1-0-C-1] org.apache.kafka.clients.NetworkClient   : [Consumer clientId=consumer-sofka-transaction-consumer-4, groupId=sofka-transaction-consumer] Node -1 disconnected.
2024-07-28T07:44:14.792-05:00  WARN 3672 --- [sofka-transaction-consumer] [ntainer#1-0-C-1] org.apache.kafka.clients.NetworkClient   : [Consumer clientId=consumer-sofka-transaction-consumer-4, groupId=sofka-transaction-consumer] Connection to node -1 (localhost/127.0.0.1:29092) could not be established. Node may not be available.
2024-07-28T07:44:14.792-05:00  WARN 3672 --- [sofka-transaction-consumer] [ntainer#1-0-C-1] org.apache.kafka.clients.NetworkClient   : [Consumer clientId=consumer-sofka-transaction-consumer-4, groupId=sofka-transaction-consumer] Bootstrap broker localhost:29092 (id: -1 rack: null) disconnected
2024-07-28T07:44:14.793-05:00  INFO 3672 --- [sofka-transaction-consumer] [ntainer#1-0-C-1] org.apache.kafka.clients.NetworkClient   : [Consumer clientId=consumer-sofka-transaction-consumer-4, groupId=sofka-transaction-consumer] Node -2 disconnected.
2024-07-28T07:44:14.793-05:00  WARN 3672 --- [sofka-transaction-consumer] [ntainer#1-0-C-1] org.apache.kafka.clients.NetworkClient   : [Consumer clientId=consumer-sofka-transaction-consumer-4, groupId=sofka-transaction-consumer] Connection to node -2 (localhost/127.0.0.1:29093) could not be established. Node may not be available.
2024-07-28T07:44:14.793-05:00  WARN 3672 --- [sofka-transaction-consumer] [ntainer#1-0-C-1] org.apache.kafka.clients.NetworkClient   : [Consumer clientId=consumer-sofka-transaction-consumer-4, groupId=sofka-transaction-consumer] Bootstrap broker localhost:29093 (id: -2 rack: null) disconnected
2024-07-28T07:44:14.823-05:00  INFO 3672 --- [sofka-transaction-consumer] [ntainer#3-0-C-1] org.apache.kafka.clients.NetworkClient   : [Consumer clientId=consumer-sofka-transaction-consumer-2, groupId=sofka-transaction-consumer] Node -2 disconnected.
2024-07-28T07:44:14.823-05:00  WARN 3672 --- [sofka-transaction-consumer] [ntainer#3-0-C-1] org.apache.kafka.clients.NetworkClient   : [Consumer clientId=consumer-sofka-transaction-consumer-2, groupId=sofka-transaction-consumer] Connection to node -2 (localhost/127.0.0.1:29093) could not be established. Node may not be available.
2024-07-28T07:44:14.823-05:00  WARN 3672 --- [sofka-transaction-consumer] [ntainer#3-0-C-1] org.apache.kafka.clients.NetworkClient   : [Consumer clientId=consumer-sofka-transaction-consumer-2, groupId=sofka-transaction-consumer] Bootstrap broker localhost:29093 (id: -2 rack: null) disconnected
2024-07-28T07:44:14.838-05:00  INFO 3672 --- [sofka-transaction-consumer] [ntainer#0-0-C-1] org.apache.kafka.clients.NetworkClient   : [Consumer clientId=consumer-sofka-transaction-consumer-3, groupId=sofka-transaction-consumer] Node -1 disconnected.
2024-07-28T07:44:14.839-05:00  WARN 3672 --- [sofka-transaction-consumer] [ntainer#0-0-C-1] org.apache.kafka.clients.NetworkClient   : [Consumer clientId=consumer-sofka-transaction-consumer-3, groupId=sofka-transaction-consumer] Connection to node -1 (localhost/127.0.0.1:29092) could not be established. Node may not be available.
2024-07-28T07:44:14.839-05:00  WARN 3672 --- [sofka-transaction-consumer] [ntainer#0-0-C-1] org.apache.kafka.clients.NetworkClient   : [Consumer clientId=consumer-sofka-transaction-consumer-3, groupId=sofka-transaction-consumer] Bootstrap broker localhost:29092 (id: -1 rack: null) disconnected
2024-07-28T07:44:14.885-05:00  INFO 3672 --- [sofka-transaction-consumer] [ntainer#2-0-C-1] org.apache.kafka.clients.NetworkClient   : [Consumer clientId=consumer-sofka-transaction-consumer-1, groupId=sofka-transaction-consumer] Node -1 disconnected.
2024-07-28T07:44:14.885-05:00  WARN 3672 --- [sofka-transaction-consumer] [ntainer#2-0-C-1] org.apache.kafka.clients.NetworkClient   : [Consumer clientId=consumer-sofka-transaction-consumer-1, groupId=sofka-transaction-consumer] Connection to node -1 (localhost/127.0.0.1:29092) could not be established. Node may not be available.
2024-07-28T07:44:14.885-05:00  WARN 3672 --- [sofka-transaction-consumer] [ntainer#2-0-C-1] org.apache.kafka.clients.NetworkClient   : [Consumer clientId=consumer-sofka-transaction-consumer-1, groupId=sofka-transaction-consumer] Bootstrap broker localhost:29092 (id: -1 rack: null) disconnected
2024-07-28T07:44:14.978-05:00  INFO 3672 --- [sofka-transaction-consumer] [ntainer#3-0-C-1] org.apache.kafka.clients.NetworkClient   : [Consumer clientId=consumer-sofka-transaction-consumer-2, groupId=sofka-transaction-consumer] Node -1 disconnected.
2024-07-28T07:44:14.978-05:00  WARN 3672 --- [sofka-transaction-consumer] [ntainer#3-0-C-1] org.apache.kafka.clients.NetworkClient   : [Consumer clientId=consumer-sofka-transaction-consumer-2, groupId=sofka-transaction-consumer] Connection to node -1 (localhost/127.0.0.1:29092) could not be established. Node may not be available.
2024-07-28T07:44:14.978-05:00  WARN 3672 --- [sofka-transaction-consumer] [ntainer#3-0-C-1] org.apache.kafka.clients.NetworkClient   : [Consumer clientId=consumer-sofka-transaction-consumer-2, groupId=sofka-transaction-consumer] Bootstrap broker localhost:29092 (id: -1 rack: null) disconnected
2024-07-28T07:44:15.008-05:00  INFO 3672 --- [sofka-transaction-consumer] [ntainer#2-0-C-1] org.apache.kafka.clients.NetworkClient   : [Consumer clientId=consumer-sofka-transaction-consumer-1, groupId=sofka-transaction-consumer] Node -2 disconnected.
2024-07-28T07:44:15.009-05:00  WARN 3672 --- [sofka-transaction-consumer] [ntainer#2-0-C-1] org.apache.kafka.clients.NetworkClient   : [Consumer clientId=consumer-sofka-transaction-consumer-1, groupId=sofka-transaction-consumer] Connection to node -2 (localhost/127.0.0.1:29093) could not be established. Node may not be available.
2024-07-28T07:44:15.009-05:00  WARN 3672 --- [sofka-transaction-consumer] [ntainer#2-0-C-1] org.apache.kafka.clients.NetworkClient   : [Consumer clientId=consumer-sofka-transaction-consumer-1, groupId=sofka-transaction-consumer] Bootstrap broker localhost:29093 (id: -2 rack: null) disconnected
2024-07-28T07:44:15.024-05:00  INFO 3672 --- [sofka-transaction-consumer] [ntainer#0-0-C-1] org.apache.kafka.clients.NetworkClient   : [Consumer clientId=consumer-sofka-transaction-consumer-3, groupId=sofka-transaction-consumer] Node -2 disconnected.
2024-07-28T07:44:15.024-05:00  WARN 3672 --- [sofka-transaction-consumer] [ntainer#0-0-C-1] org.apache.kafka.clients.NetworkClient   : [Consumer clientId=consumer-sofka-transaction-consumer-3, groupId=sofka-transaction-consumer] Connection to node -2 (localhost/127.0.0.1:29093) could not be established. Node may not be available.
2024-07-28T07:44:15.024-05:00  WARN 3672 --- [sofka-transaction-consumer] [ntainer#0-0-C-1] org.apache.kafka.clients.NetworkClient   : [Consumer clientId=consumer-sofka-transaction-consumer-3, groupId=sofka-transaction-consumer] Bootstrap broker localhost:29093 (id: -2 rack: null) disconnected
2024-07-28T07:44:15.039-05:00  INFO 3672 --- [sofka-transaction-consumer] [ntainer#1-0-C-1] org.apache.kafka.clients.NetworkClient   : [Consumer clientId=consumer-sofka-transaction-consumer-4, groupId=sofka-transaction-consumer] Node -1 disconnected.
2024-07-28T07:44:15.039-05:00  INFO 3672 --- [sofka-transaction-consumer] [ntainer#3-0-C-1] org.apache.kafka.clients.NetworkClient   : [Consumer clientId=consumer-sofka-transaction-consumer-2, groupId=sofka-transaction-consumer] Node -2 disconnected.
2024-07-28T07:44:15.040-05:00  WARN 3672 --- [sofka-transaction-consumer] [ntainer#3-0-C-1] org.apache.kafka.clients.NetworkClient   : [Consumer clientId=consumer-sofka-transaction-consumer-2, groupId=sofka-transaction-consumer] Connection to node -2 (localhost/127.0.0.1:29093) could not be established. Node may not be available.
2024-07-28T07:44:15.040-05:00  WARN 3672 --- [sofka-transaction-consumer] [ntainer#1-0-C-1] org.apache.kafka.clients.NetworkClient   : [Consumer clientId=consumer-sofka-transaction-consumer-4, groupId=sofka-transaction-consumer] Connection to node -1 (localhost/127.0.0.1:29092) could not be established. Node may not be available.
2024-07-28T07:44:15.040-05:00  WARN 3672 --- [sofka-transaction-consumer] [ntainer#3-0-C-1] org.apache.kafka.clients.NetworkClient   : [Consumer clientId=consumer-sofka-transaction-consumer-2, groupId=sofka-transaction-consumer] Bootstrap broker localhost:29093 (id: -2 rack: null) disconnected
2024-07-28T07:44:15.040-05:00  WARN 3672 --- [sofka-transaction-consumer] [ntainer#1-0-C-1] org.apache.kafka.clients.NetworkClient   : [Consumer clientId=consumer-sofka-transaction-consumer-4, groupId=sofka-transaction-consumer] Bootstrap broker localhost:29092 (id: -1 rack: null) disconnected
2024-07-28T07:44:15.040-05:00  INFO 3672 --- [sofka-transaction-consumer] [ntainer#1-0-C-1] org.apache.kafka.clients.NetworkClient   : [Consumer clientId=consumer-sofka-transaction-consumer-4, groupId=sofka-transaction-consumer] Node -2 disconnected.
2024-07-28T07:44:15.041-05:00  WARN 3672 --- [sofka-transaction-consumer] [ntainer#1-0-C-1] org.apache.kafka.clients.NetworkClient   : [Consumer clientId=consumer-sofka-transaction-consumer-4, groupId=sofka-transaction-consumer] Connection to node -2 (localhost/127.0.0.1:29093) could not be established. Node may not be available.
2024-07-28T07:44:15.041-05:00  WARN 3672 --- [sofka-transaction-consumer] [ntainer#1-0-C-1] org.apache.kafka.clients.NetworkClient   : [Consumer clientId=consumer-sofka-transaction-consumer-4, groupId=sofka-transaction-consumer] Bootstrap broker localhost:29093 (id: -2 rack: null) disconnected
]]></system-out>
    <system-err><![CDATA[jul. 28, 2024 7:44:11 A. M. org.junit.platform.launcher.core.LauncherConfigurationParameters loadClasspathResource
WARNING: Discovered 2 'junit-platform.properties' configuration files in the classpath; only the first will be used.
jul. 28, 2024 7:44:11 A. M. org.junit.platform.launcher.core.LauncherConfigurationParameters loadClasspathResource
WARNING: Discovered 2 'junit-platform.properties' configuration files in the classpath; only the first will be used.
jul. 28, 2024 7:44:11 A. M. org.junit.platform.launcher.core.LauncherConfigurationParameters loadClasspathResource
WARNING: Discovered 2 'junit-platform.properties' configuration files in the classpath; only the first will be used.
]]></system-err>
  </testcase>
</testsuite>